[30-05-2024 19:44:49][1][Acceso al Sistema]
[30-05-2024 19:44:56][1][Salida del sistema]
[30-05-2024 19:46:26][Basico][Acceso al Sistema]
[30-05-2024 19:46:26][Basico][Acceso al Sistema]
[30-05-2024 19:46:38][Basico][Alta de nuevo país: INSERT INTO paises VALUES (null, 'HO','Hola');]
[30-05-2024 19:49:50][Basico][Salida del sistema]
[30-05-2024 19:49:59][Basico][Acceso al Sistema]
[30-05-2024 19:49:59][Basico][Acceso al Sistema]
[30-05-2024 19:50:12][Basico][Creación de nueva productora: INSERT INTO productoras VALUES (null, 'HolaProductora', 240)]
[30-05-2024 19:50:21][Basico][Creación de nueva productora: INSERT INTO productoras VALUES (null, 'HolaProductora', 240)]
[30-05-2024 19:50:39][Basico][Nueva película añadida]
[30-05-2024 19:50:42][Basico][Salida del sistema]
[30-05-2024 19:50:56][Admin][Acceso al Sistema]
[30-05-2024 19:51:00][Admin][Obtención de países SELECT idPais, isoPais, nombrePais FROM paises]
[30-05-2024 19:51:45][Admin][Edición de país UPDATE paises SET nombrePais = 'HOLAMOD', isoPais = 'MO' WHERE idPais = 254;]
[30-05-2024 19:52:02][Admin][Edición de Productora UPDATE productoras SET nombreProductora = 'HolaProd', idPaisFK = '253' WHERE idProductora = 19;]
[30-05-2024 19:52:34][Admin][Edición de Pelicula UPDATE Peliculas SET nombrePelicula = 'ModPeli', idProductoraFK = '20', idPaisFK = '253' WHERE idPelicula = 12;]
[30-05-2024 19:52:42][Admin][Eliminación de país con ID 254]
[30-05-2024 19:52:57][Admin][Eliminación de productora con ID 19]
[30-05-2024 19:53:01][Admin][Eliminación de productora con ID 20]
[30-05-2024 19:53:08][Admin][Eliminación de productora con ID 17]
[30-05-2024 19:53:28][Admin][Creación de nueva productora: INSERT INTO productoras VALUES (null, 'hola', 239)]
[30-05-2024 19:53:41][Admin][Nueva película añadida]
[30-05-2024 19:55:21][1][Acceso al Sistema]
[30-05-2024 19:55:29][1][Eliminación de país con ID 253]
[30-05-2024 19:55:48][1][Alta de nuevo país: INSERT INTO paises VALUES (null, 'HO','Hola');]
[30-05-2024 19:55:59][1][Creación de nueva productora: INSERT INTO productoras VALUES (null, 'Hola', 239)]
[30-05-2024 19:56:20][1][Nueva película añadida]
[30-05-2024 19:56:39][1][Edición de Pelicula UPDATE Peliculas SET nombrePelicula = 'holasla', idProductoraFK = '21', idPaisFK = '240' WHERE idPelicula = 14;]
[30-05-2024 19:56:41][1][Edición de Pelicula UPDATE Peliculas SET nombrePelicula = 'holasla', idProductoraFK = '9', idPaisFK = '240' WHERE idPelicula = 14;]
[30-05-2024 19:56:52][1][Eliminación de país con ID 255]
[30-05-2024 19:57:08][1][Edición de Productora UPDATE productoras SET nombreProductora = 'yeah', idPaisFK = '5' WHERE idProductora = 21;]
[30-05-2024 19:57:37][1][Edición de Pelicula UPDATE Peliculas SET nombrePelicula = 'yepi', idProductoraFK = '21', idPaisFK = '239' WHERE idPelicula = 14;]
[30-05-2024 19:57:54][1][Edición de Productora UPDATE productoras SET nombreProductora = 'yipee', idPaisFK = '4' WHERE idProductora = 21;]
[30-05-2024 19:58:11][1][Eliminación de productora con ID 21]
[30-05-2024 19:58:15][1][Eliminación de productora con ID 22]
[30-05-2024 19:58:45][1][Película eliminada con ID 11]
[30-05-2024 19:58:48][1][Salida del sistema]
